#
# There is insufficient memory for the Java Runtime Environment to continue.
# Native memory allocation (malloc) failed to allocate 1807856 bytes for Chunk::new
# Possible reasons:
#   The system is out of physical RAM or swap space
#   The process is running with CompressedOops enabled, and the Java Heap may be blocking the growth of the native heap
# Possible solutions:
#   Reduce memory load on the system
#   Increase physical memory or swap space
#   Check if swap backing store is full
#   Decrease Java heap size (-Xmx/-Xms)
#   Decrease number of Java threads
#   Decrease Java thread stack sizes (-Xss)
#   Set larger code cache with -XX:ReservedCodeCacheSize=
#   JVM is running with Unscaled Compressed Oops mode in which the Java heap is
#     placed in the first 4GB address space. The Java Heap base address is the
#     maximum limit for the native heap growth. Please use -XX:HeapBaseMinAddress
#     to set the Java Heap base and to place the Java Heap above 4GB virtual address.
# This output file may be truncated or incomplete.
#
#  Out of Memory Error (./src/hotspot/share/memory/arena.cpp:197), pid=12100, tid=12256
#
# JRE version: OpenJDK Runtime Environment (11.0.10) (build 11.0.10+0-b96-7249189)
# Java VM: OpenJDK 64-Bit Server VM (11.0.10+0-b96-7249189, mixed mode, tiered, compressed oops, g1 gc, windows-amd64)
# No core dump will be written. Minidumps are not enabled by default on client versions of Windows
#

---------------  S U M M A R Y ------------

Command Line: --add-opens=java.base/java.util=ALL-UNNAMED --add-opens=java.base/java.lang=ALL-UNNAMED --add-opens=java.base/java.lang.invoke=ALL-UNNAMED --add-opens=java.base/java.util=ALL-UNNAMED --add-opens=java.prefs/java.util.prefs=ALL-UNNAMED --add-opens=java.prefs/java.util.prefs=ALL-UNNAMED --add-opens=java.base/java.nio.charset=ALL-UNNAMED --add-opens=java.base/java.net=ALL-UNNAMED --add-opens=java.base/java.util.concurrent.atomic=ALL-UNNAMED -Xmx2048m -Dfile.encoding=UTF-8 -Duser.country=BO -Duser.language=es -Duser.variant org.gradle.launcher.daemon.bootstrap.GradleDaemon 7.0.2

Host: Intel(R) Core(TM) i5-6400 CPU @ 2.70GHz, 4 cores, 7G,  Windows 10 , 64 bit Build 19041 (10.0.19041.1151)
Time: Sat Sep 11 10:01:08 2021 Hora estándar de Paraguay elapsed time: 1704.056127 seconds (0d 0h 28m 24s)

---------------  T H R E A D  ---------------

Current thread (0x000002517f221000):  JavaThread "C2 CompilerThread1" daemon [_thread_in_native, id=12256, stack(0x0000009916d00000,0x0000009916e00000)]


Current CompileTask:
C2:1704056 18680       4       org.gradle.internal.Try$Success::ifSuccessfulOrElse (11 bytes)

Stack: [0x0000009916d00000,0x0000009916e00000]
Native frames: (J=compiled Java code, j=interpreted, Vv=VM code, C=native code)
V  [jvm.dll+0x5ecfaa]
V  [jvm.dll+0x722bd5]
V  [jvm.dll+0x72412d]
V  [jvm.dll+0x7247e3]
V  [jvm.dll+0x242928]
V  [jvm.dll+0xbc4fc]
V  [jvm.dll+0xbca0c]
V  [jvm.dll+0x352d7d]
V  [jvm.dll+0x320ad3]
V  [jvm.dll+0x31ffca]
V  [jvm.dll+0x1fb602]
V  [jvm.dll+0x1fa7f4]
V  [jvm.dll+0x18354c]
V  [jvm.dll+0x208ee7]
V  [jvm.dll+0x207731]
V  [jvm.dll+0x6eb1cf]
V  [jvm.dll+0x6e3d45]
V  [jvm.dll+0x5ebe96]
C  [ucrtbase.dll+0x21bb2]
C  [KERNEL32.DLL+0x17034]
C  [ntdll.dll+0x52651]


---------------  P R O C E S S  ---------------

Threads class SMR info:
_java_thread_list=0x00000251039ae6c0, length=51, elements={
0x000002515eaae000, 0x00000251786af800, 0x00000251786b0800, 0x0000025178f1f800,
0x0000025178f22000, 0x0000025178f26000, 0x0000025178f29000, 0x0000025178f2b800,
0x0000025178f3c000, 0x000002517908d000, 0x000002517a0b9800, 0x000002517aa44000,
0x000002517aaab800, 0x000002517b006000, 0x000002517b004800, 0x000002517b009800,
0x000002517b007000, 0x000002517b008800, 0x000002517b522000, 0x000002517b51d000,
0x000002517b521800, 0x000002517b520800, 0x000002517b523800, 0x000002517b52b000,
0x000002517b528800, 0x0000025102d14000, 0x0000025102d1b800, 0x0000025102d11000,
0x0000025102d0f000, 0x0000025102d10000, 0x0000025102d13000, 0x0000025102d11800,
0x0000025102d0d800, 0x0000025102d12800, 0x0000025102d0e800, 0x0000025102d15800,
0x0000025102d1a800, 0x0000025102d15000, 0x0000025102d19000, 0x0000025102d1c000,
0x0000025102d16800, 0x0000025102d17800, 0x0000025102d19800, 0x0000025102d18000,
0x000002517f221000, 0x000002517b523000, 0x000002517b51e000, 0x000002517b51f000,
0x000002517b52a800, 0x000002517b527000, 0x000002517b524800
}

Java Threads: ( => current thread )
  0x000002515eaae000 JavaThread "main" [_thread_blocked, id=12220, stack(0x0000009913d00000,0x0000009913e00000)]
  0x00000251786af800 JavaThread "Reference Handler" daemon [_thread_blocked, id=8124, stack(0x0000009914400000,0x0000009914500000)]
  0x00000251786b0800 JavaThread "Finalizer" daemon [_thread_blocked, id=2268, stack(0x0000009914500000,0x0000009914600000)]
  0x0000025178f1f800 JavaThread "Signal Dispatcher" daemon [_thread_blocked, id=4340, stack(0x0000009914600000,0x0000009914700000)]
  0x0000025178f22000 JavaThread "Attach Listener" daemon [_thread_blocked, id=9328, stack(0x0000009914700000,0x0000009914800000)]
  0x0000025178f26000 JavaThread "Service Thread" daemon [_thread_blocked, id=6948, stack(0x0000009914800000,0x0000009914900000)]
  0x0000025178f29000 JavaThread "C2 CompilerThread0" daemon [_thread_in_native, id=9784, stack(0x0000009914900000,0x0000009914a00000)]
  0x0000025178f2b800 JavaThread "C1 CompilerThread0" daemon [_thread_blocked, id=4024, stack(0x0000009914a00000,0x0000009914b00000)]
  0x0000025178f3c000 JavaThread "Sweeper thread" daemon [_thread_blocked, id=8592, stack(0x0000009914b00000,0x0000009914c00000)]
  0x000002517908d000 JavaThread "Common-Cleaner" daemon [_thread_blocked, id=2764, stack(0x0000009914c00000,0x0000009914d00000)]
  0x000002517a0b9800 JavaThread "Daemon health stats" [_thread_blocked, id=10340, stack(0x0000009915100000,0x0000009915200000)]
  0x000002517aa44000 JavaThread "Incoming local TCP Connector on port 51761" [_thread_in_native, id=8924, stack(0x0000009915000000,0x0000009915100000)]
  0x000002517aaab800 JavaThread "Daemon periodic checks" [_thread_blocked, id=11572, stack(0x0000009915200000,0x0000009915300000)]
  0x000002517b006000 JavaThread "Cache worker for file hash cache (C:\Users\Usuario\.gradle\caches\7.0.2\fileHashes)" [_thread_blocked, id=11236, stack(0x0000009915b00000,0x0000009915c00000)]
  0x000002517b004800 JavaThread "File lock request listener" [_thread_in_native, id=11948, stack(0x0000009915c00000,0x0000009915d00000)]
  0x000002517b009800 JavaThread "Cache worker for journal cache (C:\Users\Usuario\.gradle\caches\journal-1)" [_thread_blocked, id=5316, stack(0x0000009915d00000,0x0000009915e00000)]
  0x000002517b007000 JavaThread "File watcher server" daemon [_thread_in_native, id=9672, stack(0x0000009916000000,0x0000009916100000)]
  0x000002517b008800 JavaThread "File watcher consumer" daemon [_thread_blocked, id=796, stack(0x0000009916100000,0x0000009916200000)]
  0x000002517b522000 JavaThread "Cache worker for execution history cache (C:\Users\Usuario\.gradle\caches\7.0.2\executionHistory)" [_thread_blocked, id=912, stack(0x0000009916500000,0x0000009916600000)]
  0x000002517b51d000 JavaThread "jar transforms" [_thread_blocked, id=2936, stack(0x0000009916600000,0x0000009916700000)]
  0x000002517b521800 JavaThread "jar transforms Thread 2" [_thread_blocked, id=3068, stack(0x0000009916700000,0x0000009916800000)]
  0x000002517b520800 JavaThread "Cache worker for file content cache (C:\Users\Usuario\.gradle\caches\7.0.2\fileContent)" [_thread_blocked, id=5320, stack(0x0000009916800000,0x0000009916900000)]
  0x000002517b523800 JavaThread "jar transforms Thread 3" [_thread_blocked, id=9980, stack(0x0000009916a00000,0x0000009916b00000)]
  0x000002517b52b000 JavaThread "jar transforms Thread 4" [_thread_blocked, id=9500, stack(0x0000009915e00000,0x0000009915f00000)]
  0x000002517b528800 JavaThread "Memory manager" [_thread_blocked, id=5780, stack(0x0000009917100000,0x0000009917200000)]
  0x0000025102d14000 JavaThread "Cache worker for Java compile cache (C:\Users\Usuario\.gradle\caches\7.0.2\javaCompile)" [_thread_blocked, id=9556, stack(0x0000009917400000,0x0000009917500000)]
  0x0000025102d1b800 JavaThread "ForkJoinPool.commonPool-worker-1" daemon [_thread_blocked, id=3560, stack(0x0000009917c00000,0x0000009917d00000)]
  0x0000025102d11000 JavaThread "Daemon Thread 7" [_thread_blocked, id=1168, stack(0x0000009913a00000,0x0000009913b00000)]
  0x0000025102d0f000 JavaThread "Handler for socket connection from /127.0.0.1:51761 to /127.0.0.1:55113" [_thread_in_native, id=7416, stack(0x0000009913b00000,0x0000009913c00000)]
  0x0000025102d10000 JavaThread "Cancel handler" [_thread_blocked, id=2188, stack(0x0000009913c00000,0x0000009913d00000)]
  0x0000025102d13000 JavaThread "Daemon worker Thread 7" [_thread_blocked, id=10464, stack(0x0000009915300000,0x0000009915400000)]
  0x0000025102d11800 JavaThread "Asynchronous log dispatcher for DefaultDaemonConnection: socket connection from /127.0.0.1:51761 to /127.0.0.1:55113" [_thread_blocked, id=8572, stack(0x0000009915400000,0x0000009915500000)]
  0x0000025102d0d800 JavaThread "Stdin handler" [_thread_blocked, id=1964, stack(0x0000009915500000,0x0000009915600000)]
  0x0000025102d12800 JavaThread "Daemon client event forwarder" [_thread_blocked, id=8428, stack(0x0000009915600000,0x0000009915700000)]
  0x0000025102d0e800 JavaThread "Cache worker for file hash cache (C:\Users\Usuario\AndroidStudioProjects\ProyectoGrafos\.gradle\7.0.2\fileHashes)" [_thread_blocked, id=9404, stack(0x0000009915700000,0x0000009915800000)]
  0x0000025102d15800 JavaThread "Cache worker for checksums cache (C:\Users\Usuario\AndroidStudioProjects\ProyectoGrafos\.gradle\checksums)" [_thread_blocked, id=11680, stack(0x0000009915800000,0x0000009915900000)]
  0x0000025102d1a800 JavaThread "Cache worker for cache directory md-supplier (C:\Users\Usuario\.gradle\caches\7.0.2\md-supplier)" [_thread_blocked, id=11324, stack(0x0000009915a00000,0x0000009915b00000)]
  0x0000025102d15000 JavaThread "Cache worker for cache directory md-rule (C:\Users\Usuario\.gradle\caches\7.0.2\md-rule)" [_thread_blocked, id=5052, stack(0x0000009915f00000,0x0000009916000000)]
  0x0000025102d19000 JavaThread "Cache worker for dependencies-accessors (C:\Users\Usuario\AndroidStudioProjects\ProyectoGrafos\.gradle\7.0.2\dependencies-accessors)" [_thread_blocked, id=8752, stack(0x0000009916200000,0x0000009916300000)]
  0x0000025102d1c000 JavaThread "Cache worker for Build Output Cleanup Cache (C:\Users\Usuario\AndroidStudioProjects\ProyectoGrafos\.gradle\buildOutputCleanup)" [_thread_blocked, id=9060, stack(0x0000009916300000,0x0000009916400000)]
  0x0000025102d16800 JavaThread "Build operations" [_thread_blocked, id=10352, stack(0x0000009916400000,0x0000009916500000)]
  0x0000025102d17800 JavaThread "Build operations Thread 2" [_thread_blocked, id=5756, stack(0x0000009916900000,0x0000009916a00000)]
  0x0000025102d19800 JavaThread "Build operations Thread 3" [_thread_blocked, id=9176, stack(0x0000009916b00000,0x0000009916c00000)]
  0x0000025102d18000 JavaThread "Build operations Thread 4" [_thread_blocked, id=11160, stack(0x0000009916c00000,0x0000009916d00000)]
=>0x000002517f221000 JavaThread "C2 CompilerThread1" daemon [_thread_in_native, id=12256, stack(0x0000009916d00000,0x0000009916e00000)]
  0x000002517b523000 JavaThread "build event listener" [_thread_blocked, id=1992, stack(0x0000009916e00000,0x0000009916f00000)]
  0x000002517b51e000 JavaThread "Execution worker for ':'" [_thread_blocked, id=5092, stack(0x0000009916f00000,0x0000009917000000)]
  0x000002517b51f000 JavaThread "Execution worker for ':' Thread 2" [_thread_in_Java, id=2116, stack(0x0000009917000000,0x0000009917100000)]
  0x000002517b52a800 JavaThread "Execution worker for ':' Thread 3" [_thread_blocked, id=9796, stack(0x0000009917200000,0x0000009917300000)]
  0x000002517b527000 JavaThread "Cache worker for execution history cache (C:\Users\Usuario\AndroidStudioProjects\ProyectoGrafos\.gradle\7.0.2\executionHistory)" [_thread_blocked, id=2876, stack(0x0000009917300000,0x0000009917400000)]
  0x000002517b524800 JavaThread "WorkerExecutor Queue" [_thread_blocked, id=7752, stack(0x0000009917500000,0x0000009917600000)]

Other Threads:
  0x0000025178ed6000 VMThread "VM Thread" [stack: 0x0000009914300000,0x0000009914400000] [id=5016]
  0x00000251790aa000 WatcherThread [stack: 0x0000009914d00000,0x0000009914e00000] [id=10428]
  0x000002515eac6000 GCTaskThread "GC Thread#0" [stack: 0x0000009913e00000,0x0000009913f00000] [id=5304]
  0x00000251796e0800 GCTaskThread "GC Thread#1" [stack: 0x0000009914e00000,0x0000009914f00000] [id=8624]
  0x00000251792ce800 GCTaskThread "GC Thread#2" [stack: 0x0000009914f00000,0x0000009915000000] [id=11340]
  0x0000025179284000 GCTaskThread "GC Thread#3" [stack: 0x0000009915900000,0x0000009915a00000] [id=7220]
  0x000002515eaf8800 ConcurrentGCThread "G1 Main Marker" [stack: 0x0000009913f00000,0x0000009914000000] [id=2932]
  0x000002515eafa000 ConcurrentGCThread "G1 Conc#0" [stack: 0x0000009914000000,0x0000009914100000] [id=11764]
  0x00000251784ff800 ConcurrentGCThread "G1 Refine#0" [stack: 0x0000009914100000,0x0000009914200000] [id=11052]
  0x0000025178500800 ConcurrentGCThread "G1 Young RemSet Sampling" [stack: 0x0000009914200000,0x0000009914300000] [id=544]

Threads with active compile tasks:
C2 CompilerThread01704161 18596       4       org.gradle.api.internal.artifacts.transform.AttributeMatchingVariantSelector::doSelect (469 bytes)
C2 CompilerThread11704161 18680       4       org.gradle.internal.Try$Success::ifSuccessfulOrElse (11 bytes)

VM state:not at safepoint (normal execution)

VM Mutex/Monitor currently owned by a thread: None

Heap address: 0x0000000080000000, size: 2048 MB, Compressed Oops mode: 32-bit
Narrow klass base: 0x0000000000000000, Narrow klass shift: 3
Compressed class space size: 1073741824 Address: 0x0000000100000000

Heap:
 garbage-first heap   total 163840K, used 127676K [0x0000000080000000, 0x0000000100000000)
  region size 1024K, 14 young (14336K), 3 survivors (3072K)
 Metaspace       used 114533K, capacity 117639K, committed 117964K, reserved 1150976K
  class space    used 14579K, capacity 15744K, committed 15820K, reserved 1048576K
Heap Regions: E=young(eden), S=young(survivor), O=old, HS=humongous(starts), HC=humongous(continues), CS=collection set, F=free, A=archive, TAMS=top-at-mark-start (previous, next)
|   0|0x0000000080000000, 0x0000000080100000, 0x0000000080100000|100%| O|  |TAMS 0x0000000080100000, 0x0000000080000000| Untracked 
|   1|0x0000000080100000, 0x0000000080200000, 0x0000000080200000|100%| O|  |TAMS 0x0000000080200000, 0x0000000080100000| Untracked 
|   2|0x0000000080200000, 0x0000000080300000, 0x0000000080300000|100%| O|  |TAMS 0x0000000080300000, 0x0000000080200000| Untracked 
|   3|0x0000000080300000, 0x0000000080400000, 0x0000000080400000|100%|HS|  |TAMS 0x0000000080400000, 0x0000000080300000| Complete 
|   4|0x0000000080400000, 0x0000000080500000, 0x0000000080500000|100%|HC|  |TAMS 0x0000000080500000, 0x0000000080400000| Complete 
|   5|0x0000000080500000, 0x0000000080600000, 0x0000000080600000|100%|HC|  |TAMS 0x0000000080600000, 0x0000000080500000| Complete 
|   6|0x0000000080600000, 0x0000000080700000, 0x0000000080700000|100%| O|  |TAMS 0x0000000080700000, 0x0000000080600000| Untracked 
|   7|0x0000000080700000, 0x0000000080800000, 0x0000000080800000|100%| O|  |TAMS 0x0000000080800000, 0x0000000080700000| Untracked 
|   8|0x0000000080800000, 0x0000000080900000, 0x0000000080900000|100%| O|  |TAMS 0x0000000080900000, 0x0000000080800000| Untracked 
|   9|0x0000000080900000, 0x0000000080a00000, 0x0000000080a00000|100%| O|  |TAMS 0x0000000080a00000, 0x0000000080900000| Untracked 
|  10|0x0000000080a00000, 0x0000000080b00000, 0x0000000080b00000|100%| O|  |TAMS 0x0000000080b00000, 0x0000000080a00000| Untracked 
|  11|0x0000000080b00000, 0x0000000080c00000, 0x0000000080c00000|100%| O|  |TAMS 0x0000000080c00000, 0x0000000080b00000| Untracked 
|  12|0x0000000080c00000, 0x0000000080d00000, 0x0000000080d00000|100%| O|  |TAMS 0x0000000080d00000, 0x0000000080c00000| Untracked 
|  13|0x0000000080d00000, 0x0000000080e00000, 0x0000000080e00000|100%| O|  |TAMS 0x0000000080e00000, 0x0000000080d00000| Untracked 
|  14|0x0000000080e00000, 0x0000000080f00000, 0x0000000080f00000|100%| O|  |TAMS 0x0000000080f00000, 0x0000000080e00000| Complete 
|  15|0x0000000080f00000, 0x0000000081000000, 0x0000000081000000|100%|HS|  |TAMS 0x0000000081000000, 0x0000000080f00000| Complete 
|  16|0x0000000081000000, 0x0000000081100000, 0x0000000081100000|100%| O|  |TAMS 0x0000000081100000, 0x0000000081000000| Untracked 
|  17|0x0000000081100000, 0x0000000081200000, 0x0000000081200000|100%| O|  |TAMS 0x0000000081200000, 0x0000000081100000| Untracked 
|  18|0x0000000081200000, 0x0000000081300000, 0x0000000081300000|100%| O|  |TAMS 0x0000000081300000, 0x0000000081200000| Untracked 
|  19|0x0000000081300000, 0x0000000081400000, 0x0000000081400000|100%| O|  |TAMS 0x0000000081400000, 0x0000000081300000| Complete 
|  20|0x0000000081400000, 0x0000000081500000, 0x0000000081500000|100%| O|  |TAMS 0x0000000081500000, 0x0000000081400000| Complete 
|  21|0x0000000081500000, 0x0000000081600000, 0x0000000081600000|100%| O|  |TAMS 0x0000000081600000, 0x0000000081500000| Complete 
|  22|0x0000000081600000, 0x0000000081700000, 0x0000000081700000|100%|HS|  |TAMS 0x0000000081700000, 0x0000000081600000| Complete 
|  23|0x0000000081700000, 0x0000000081800000, 0x0000000081800000|100%|HS|  |TAMS 0x0000000081800000, 0x0000000081700000| Complete 
|  24|0x0000000081800000, 0x0000000081900000, 0x0000000081900000|100%|HC|  |TAMS 0x0000000081900000, 0x0000000081800000| Complete 
|  25|0x0000000081900000, 0x0000000081a00000, 0x0000000081a00000|100%| O|  |TAMS 0x0000000081a00000, 0x0000000081900000| Untracked 
|  26|0x0000000081a00000, 0x0000000081b00000, 0x0000000081b00000|100%| O|  |TAMS 0x0000000081b00000, 0x0000000081a00000| Untracked 
|  27|0x0000000081b00000, 0x0000000081c00000, 0x0000000081c00000|100%| O|  |TAMS 0x0000000081c00000, 0x0000000081b00000| Untracked 
|  28|0x0000000081c00000, 0x0000000081d00000, 0x0000000081d00000|100%| O|  |TAMS 0x0000000081d00000, 0x0000000081c00000| Untracked 
|  29|0x0000000081d00000, 0x0000000081e00000, 0x0000000081e00000|100%| O|  |TAMS 0x0000000081e00000, 0x0000000081d00000| Complete 
|  30|0x0000000081e00000, 0x0000000081f00000, 0x0000000081f00000|100%| O|  |TAMS 0x0000000081f00000, 0x0000000081e00000| Untracked 
|  31|0x0000000081f00000, 0x0000000082000000, 0x0000000082000000|100%| O|  |TAMS 0x0000000082000000, 0x0000000081f00000| Untracked 
|  32|0x0000000082000000, 0x0000000082100000, 0x0000000082100000|100%| O|  |TAMS 0x0000000082100000, 0x0000000082000000| Untracked 
|  33|0x0000000082100000, 0x0000000082200000, 0x0000000082200000|100%| O|  |TAMS 0x0000000082200000, 0x0000000082100000| Untracked 
|  34|0x0000000082200000, 0x0000000082300000, 0x0000000082300000|100%| O|  |TAMS 0x0000000082300000, 0x0000000082200000| Untracked 
|  35|0x0000000082300000, 0x0000000082400000, 0x0000000082400000|100%| O|  |TAMS 0x0000000082400000, 0x0000000082300000| Untracked 
|  36|0x0000000082400000, 0x0000000082500000, 0x0000000082500000|100%| O|  |TAMS 0x0000000082500000, 0x0000000082400000| Untracked 
|  37|0x0000000082500000, 0x0000000082600000, 0x0000000082600000|100%| O|  |TAMS 0x0000000082600000, 0x0000000082500000| Untracked 
|  38|0x0000000082600000, 0x0000000082700000, 0x0000000082700000|100%| O|  |TAMS 0x0000000082700000, 0x0000000082600000| Complete 
|  39|0x0000000082700000, 0x0000000082800000, 0x0000000082800000|100%| O|  |TAMS 0x0000000082800000, 0x0000000082700000| Untracked 
|  40|0x0000000082800000, 0x0000000082900000, 0x0000000082900000|100%| O|  |TAMS 0x0000000082900000, 0x0000000082800000| Complete 
|  41|0x0000000082900000, 0x0000000082a00000, 0x0000000082a00000|100%| O|  |TAMS 0x0000000082a00000, 0x0000000082900000| Untracked 
|  42|0x0000000082a00000, 0x0000000082b00000, 0x0000000082b00000|100%| O|  |TAMS 0x0000000082b00000, 0x0000000082a00000| Untracked 
|  43|0x0000000082b00000, 0x0000000082c00000, 0x0000000082c00000|100%| O|  |TAMS 0x0000000082c00000, 0x0000000082b00000| Untracked 
|  44|0x0000000082c00000, 0x0000000082d00000, 0x0000000082d00000|100%| O|  |TAMS 0x0000000082d00000, 0x0000000082c00000| Untracked 
|  45|0x0000000082d00000, 0x0000000082e00000, 0x0000000082e00000|100%| O|  |TAMS 0x0000000082e00000, 0x0000000082d00000| Complete 
|  46|0x0000000082e00000, 0x0000000082f00000, 0x0000000082f00000|100%| O|  |TAMS 0x0000000082f00000, 0x0000000082e00000| Untracked 
|  47|0x0000000082f00000, 0x0000000083000000, 0x0000000083000000|100%| O|  |TAMS 0x0000000083000000, 0x0000000082f00000| Complete 
|  48|0x0000000083000000, 0x0000000083100000, 0x0000000083100000|100%| O|  |TAMS 0x0000000083100000, 0x0000000083000000| Complete 
|  49|0x0000000083100000, 0x0000000083200000, 0x0000000083200000|100%| O|  |TAMS 0x0000000083200000, 0x0000000083100000| Untracked 
|  50|0x0000000083200000, 0x0000000083300000, 0x0000000083300000|100%| O|  |TAMS 0x0000000083300000, 0x0000000083200000| Untracked 
|  51|0x0000000083300000, 0x0000000083400000, 0x0000000083400000|100%| O|  |TAMS 0x0000000083400000, 0x0000000083300000| Complete 
|  52|0x0000000083400000, 0x0000000083500000, 0x0000000083500000|100%| O|  |TAMS 0x0000000083500000, 0x0000000083400000| Untracked 
|  53|0x0000000083500000, 0x00000000835af200, 0x0000000083600000| 68%| O|  |TAMS 0x00000000835af200, 0x0000000083500000| Untracked 
|  54|0x0000000083600000, 0x0000000083700000, 0x0000000083700000|100%| O|  |TAMS 0x0000000083700000, 0x0000000083600000| Untracked 
|  55|0x0000000083700000, 0x0000000083800000, 0x0000000083800000|100%| O|  |TAMS 0x0000000083800000, 0x0000000083700000| Untracked 
|  56|0x0000000083800000, 0x0000000083900000, 0x0000000083900000|100%| O|  |TAMS 0x0000000083900000, 0x0000000083800000| Untracked 
|  57|0x0000000083900000, 0x0000000083a00000, 0x0000000083a00000|100%| O|  |TAMS 0x0000000083a00000, 0x0000000083900000| Untracked 
|  58|0x0000000083a00000, 0x0000000083b00000, 0x0000000083b00000|100%| O|  |TAMS 0x0000000083b00000, 0x0000000083a00000| Complete 
|  59|0x0000000083b00000, 0x0000000083c00000, 0x0000000083c00000|100%| O|  |TAMS 0x0000000083c00000, 0x0000000083b00000| Untracked 
|  60|0x0000000083c00000, 0x0000000083d00000, 0x0000000083d00000|100%| O|  |TAMS 0x0000000083d00000, 0x0000000083c00000| Untracked 
|  61|0x0000000083d00000, 0x0000000083e00000, 0x0000000083e00000|100%| O|  |TAMS 0x0000000083e00000, 0x0000000083d00000| Complete 
|  62|0x0000000083e00000, 0x0000000083f00000, 0x0000000083f00000|100%| O|  |TAMS 0x0000000083f00000, 0x0000000083e00000| Untracked 
|  63|0x0000000083f00000, 0x0000000084000000, 0x0000000084000000|100%| O|  |TAMS 0x0000000084000000, 0x0000000083f00000| Untracked 
|  64|0x0000000084000000, 0x0000000084100000, 0x0000000084100000|100%| O|  |TAMS 0x0000000084100000, 0x0000000084000000| Complete 
|  65|0x0000000084100000, 0x0000000084200000, 0x0000000084200000|100%| O|  |TAMS 0x0000000084200000, 0x0000000084100000| Complete 
|  66|0x0000000084200000, 0x0000000084300000, 0x0000000084300000|100%| O|  |TAMS 0x0000000084300000, 0x0000000084200000| Untracked 
|  67|0x0000000084300000, 0x0000000084400000, 0x0000000084400000|100%| O|  |TAMS 0x0000000084400000, 0x0000000084300000| Untracked 
|  68|0x0000000084400000, 0x0000000084500000, 0x0000000084500000|100%| O|  |TAMS 0x0000000084500000, 0x0000000084400000| Complete 
|  69|0x0000000084500000, 0x0000000084600000, 0x0000000084600000|100%| O|  |TAMS 0x0000000084600000, 0x0000000084500000| Complete 
|  70|0x0000000084600000, 0x0000000084700000, 0x0000000084700000|100%| O|  |TAMS 0x0000000084700000, 0x0000000084600000| Complete 
|  71|0x0000000084700000, 0x0000000084800000, 0x0000000084800000|100%| O|  |TAMS 0x0000000084800000, 0x0000000084700000| Untracked 
|  72|0x0000000084800000, 0x0000000084900000, 0x0000000084900000|100%|HS|  |TAMS 0x0000000084800000, 0x0000000084800000| Complete 
|  73|0x0000000084900000, 0x0000000084a00000, 0x0000000084a00000|100%| O|  |TAMS 0x0000000084a00000, 0x0000000084900000| Complete 
|  74|0x0000000084a00000, 0x0000000084b00000, 0x0000000084b00000|100%| O|  |TAMS 0x0000000084b00000, 0x0000000084a00000| Untracked 
|  75|0x0000000084b00000, 0x0000000084c00000, 0x0000000084c00000|100%| O|  |TAMS 0x0000000084c00000, 0x0000000084b00000| Complete 
|  76|0x0000000084c00000, 0x0000000084d00000, 0x0000000084d00000|100%| O|  |TAMS 0x0000000084d00000, 0x0000000084c00000| Complete 
|  77|0x0000000084d00000, 0x0000000084e00000, 0x0000000084e00000|100%| O|  |TAMS 0x0000000084e00000, 0x0000000084d00000| Complete 
|  78|0x0000000084e00000, 0x0000000084f00000, 0x0000000084f00000|100%| O|  |TAMS 0x0000000084f00000, 0x0000000084e00000| Untracked 
|  79|0x0000000084f00000, 0x0000000085000000, 0x0000000085000000|100%| O|  |TAMS 0x0000000085000000, 0x0000000084f00000| Complete 
|  80|0x0000000085000000, 0x0000000085100000, 0x0000000085100000|100%| O|  |TAMS 0x0000000085100000, 0x0000000085000000| Untracked 
|  81|0x0000000085100000, 0x0000000085200000, 0x0000000085200000|100%| O|  |TAMS 0x0000000085200000, 0x0000000085100000| Complete 
|  82|0x0000000085200000, 0x0000000085300000, 0x0000000085300000|100%| O|  |TAMS 0x0000000085300000, 0x0000000085200000| Complete 
|  83|0x0000000085300000, 0x0000000085400000, 0x0000000085400000|100%| O|  |TAMS 0x0000000085400000, 0x0000000085300000| Complete 
|  84|0x0000000085400000, 0x0000000085500000, 0x0000000085500000|100%|HS|  |TAMS 0x0000000085400000, 0x0000000085400000| Complete 
|  85|0x0000000085500000, 0x0000000085600000, 0x0000000085600000|100%|HC|  |TAMS 0x0000000085500000, 0x0000000085500000| Complete 
|  86|0x0000000085600000, 0x0000000085600000, 0x0000000085700000|  0%| F|  |TAMS 0x0000000085600000, 0x0000000085600000| Untracked 
|  87|0x0000000085700000, 0x0000000085800000, 0x0000000085800000|100%| O|  |TAMS 0x0000000085800000, 0x0000000085700000| Untracked 
|  88|0x0000000085800000, 0x0000000085900000, 0x0000000085900000|100%| O|  |TAMS 0x0000000085900000, 0x0000000085800000| Untracked 
|  89|0x0000000085900000, 0x0000000085a00000, 0x0000000085a00000|100%| O|  |TAMS 0x0000000085a00000, 0x0000000085900000| Untracked 
|  90|0x0000000085a00000, 0x0000000085b00000, 0x0000000085b00000|100%| O|  |TAMS 0x0000000085b00000, 0x0000000085a00000| Untracked 
|  91|0x0000000085b00000, 0x0000000085c00000, 0x0000000085c00000|100%| O|  |TAMS 0x0000000085c00000, 0x0000000085b00000| Complete 
|  92|0x0000000085c00000, 0x0000000085d00000, 0x0000000085d00000|100%| O|  |TAMS 0x0000000085d00000, 0x0000000085c00000| Complete 
|  93|0x0000000085d00000, 0x0000000085e00000, 0x0000000085e00000|100%| O|  |TAMS 0x0000000085e00000, 0x0000000085d00000| Complete 
|  94|0x0000000085e00000, 0x0000000085f00000, 0x0000000085f00000|100%| O|  |TAMS 0x0000000085f00000, 0x0000000085e00000| Untracked 
|  95|0x0000000085f00000, 0x0000000086000000, 0x0000000086000000|100%| O|  |TAMS 0x0000000086000000, 0x0000000085f00000| Complete 
|  96|0x0000000086000000, 0x0000000086100000, 0x0000000086100000|100%| O|  |TAMS 0x0000000086100000, 0x0000000086000000| Complete 
|  97|0x0000000086100000, 0x0000000086200000, 0x0000000086200000|100%| O|  |TAMS 0x0000000086200000, 0x0000000086100000| Complete 
|  98|0x0000000086200000, 0x0000000086300000, 0x0000000086300000|100%| O|  |TAMS 0x0000000086300000, 0x0000000086200000| Complete 
|  99|0x0000000086300000, 0x0000000086400000, 0x0000000086400000|100%| O|  |TAMS 0x0000000086400000, 0x0000000086300000| Complete 
| 100|0x0000000086400000, 0x0000000086500000, 0x0000000086500000|100%| O|  |TAMS 0x0000000086500000, 0x0000000086400000| Untracked 
| 101|0x0000000086500000, 0x0000000086600000, 0x0000000086600000|100%| O|  |TAMS 0x0000000086600000, 0x0000000086500000| Complete 
| 102|0x0000000086600000, 0x0000000086700000, 0x0000000086700000|100%|HS|  |TAMS 0x0000000086600000, 0x0000000086600000| Complete 
| 103|0x0000000086700000, 0x0000000086800000, 0x0000000086800000|100%|HC|  |TAMS 0x0000000086700000, 0x0000000086700000| Complete 
| 104|0x0000000086800000, 0x0000000086900000, 0x0000000086900000|100%|HC|  |TAMS 0x0000000086800000, 0x0000000086800000| Complete 
| 105|0x0000000086900000, 0x0000000086a00000, 0x0000000086a00000|100%|HC|  |TAMS 0x0000000086900000, 0x0000000086900000| Complete 
| 106|0x0000000086a00000, 0x0000000086b00000, 0x0000000086b00000|100%|HS|  |TAMS 0x0000000086a00000, 0x0000000086a00000| Complete 
| 107|0x0000000086b00000, 0x0000000086c00000, 0x0000000086c00000|100%|HC|  |TAMS 0x0000000086b00000, 0x0000000086b00000| Complete 
| 108|0x0000000086c00000, 0x0000000086d00000, 0x0000000086d00000|100%|HS|  |TAMS 0x0000000086c00000, 0x0000000086c00000| Complete 
| 109|0x0000000086d00000, 0x0000000086e00000, 0x0000000086e00000|100%|HC|  |TAMS 0x0000000086d00000, 0x0000000086d00000| Complete 
| 110|0x0000000086e00000, 0x0000000086f00000, 0x0000000086f00000|100%|HC|  |TAMS 0x0000000086e00000, 0x0000000086e00000| Complete 
| 111|0x0000000086f00000, 0x0000000087000000, 0x0000000087000000|100%|HS|  |TAMS 0x0000000086f00000, 0x0000000086f00000| Complete 
| 112|0x0000000087000000, 0x0000000087100000, 0x0000000087100000|100%|HC|  |TAMS 0x0000000087000000, 0x0000000087000000| Complete 
| 113|0x0000000087100000, 0x0000000087200000, 0x0000000087200000|100%|HC|  |TAMS 0x0000000087100000, 0x0000000087100000| Complete 
| 114|0x0000000087200000, 0x0000000087200000, 0x0000000087300000|  0%| F|  |TAMS 0x0000000087200000, 0x0000000087200000| Untracked 
| 115|0x0000000087300000, 0x0000000087300000, 0x0000000087400000|  0%| F|  |TAMS 0x0000000087300000, 0x0000000087300000| Untracked 
| 116|0x0000000087400000, 0x0000000087400000, 0x0000000087500000|  0%| F|  |TAMS 0x0000000087400000, 0x0000000087400000| Untracked 
| 117|0x0000000087500000, 0x0000000087500000, 0x0000000087600000|  0%| F|  |TAMS 0x0000000087500000, 0x0000000087500000| Untracked 
| 118|0x0000000087600000, 0x0000000087600000, 0x0000000087700000|  0%| F|  |TAMS 0x0000000087600000, 0x0000000087600000| Untracked 
| 119|0x0000000087700000, 0x0000000087700000, 0x0000000087800000|  0%| F|  |TAMS 0x0000000087700000, 0x0000000087700000| Untracked 
| 120|0x0000000087800000, 0x0000000087800000, 0x0000000087900000|  0%| F|  |TAMS 0x0000000087800000, 0x0000000087800000| Untracked 
| 121|0x0000000087900000, 0x0000000087900000, 0x0000000087a00000|  0%| F|  |TAMS 0x0000000087900000, 0x0000000087900000| Untracked 
| 122|0x0000000087a00000, 0x0000000087a00000, 0x0000000087b00000|  0%| F|  |TAMS 0x0000000087a00000, 0x0000000087a00000| Untracked 
| 123|0x0000000087b00000, 0x0000000087b00000, 0x0000000087c00000|  0%| F|  |TAMS 0x0000000087b00000, 0x0000000087b00000| Untracked 
| 124|0x0000000087c00000, 0x0000000087c00000, 0x0000000087d00000|  0%| F|  |TAMS 0x0000000087c00000, 0x0000000087c00000| Untracked 
| 125|0x0000000087d00000, 0x0000000087d00000, 0x0000000087e00000|  0%| F|  |TAMS 0x0000000087d00000, 0x0000000087d00000| Untracked 
| 126|0x0000000087e00000, 0x0000000087e00000, 0x0000000087f00000|  0%| F|  |TAMS 0x0000000087e00000, 0x0000000087e00000| Untracked 
| 127|0x0000000087f00000, 0x0000000087f00000, 0x0000000088000000|  0%| F|  |TAMS 0x0000000087f00000, 0x0000000087f00000| Untracked 
| 128|0x0000000088000000, 0x0000000088000000, 0x0000000088100000|  0%| F|  |TAMS 0x0000000088000000, 0x0000000088000000| Untracked 
| 129|0x0000000088100000, 0x0000000088100000, 0x0000000088200000|  0%| F|  |TAMS 0x0000000088100000, 0x0000000088100000| Untracked 
| 130|0x0000000088200000, 0x0000000088200000, 0x0000000088300000|  0%| F|  |TAMS 0x0000000088200000, 0x0000000088200000| Untracked 
| 131|0x0000000088300000, 0x0000000088300000, 0x0000000088400000|  0%| F|  |TAMS 0x0000000088300000, 0x0000000088300000| Untracked 
| 132|0x0000000088400000, 0x0000000088400000, 0x0000000088500000|  0%| F|  |TAMS 0x0000000088400000, 0x0000000088400000| Untracked 
| 133|0x0000000088500000, 0x0000000088500000, 0x0000000088600000|  0%| F|  |TAMS 0x0000000088500000, 0x0000000088500000| Untracked 
| 134|0x0000000088600000, 0x0000000088600000, 0x0000000088700000|  0%| F|  |TAMS 0x0000000088600000, 0x0000000088600000| Untracked 
| 135|0x0000000088700000, 0x0000000088700000, 0x0000000088800000|  0%| F|  |TAMS 0x0000000088700000, 0x0000000088700000| Untracked 
| 136|0x0000000088800000, 0x0000000088800000, 0x0000000088900000|  0%| F|  |TAMS 0x0000000088800000, 0x0000000088800000| Untracked 
| 137|0x0000000088900000, 0x0000000088900000, 0x0000000088a00000|  0%| F|  |TAMS 0x0000000088900000, 0x0000000088900000| Untracked 
| 138|0x0000000088a00000, 0x0000000088a00000, 0x0000000088b00000|  0%| F|  |TAMS 0x0000000088a00000, 0x0000000088a00000| Untracked 
| 139|0x0000000088b00000, 0x0000000088b00000, 0x0000000088c00000|  0%| F|  |TAMS 0x0000000088b00000, 0x0000000088b00000| Untracked 
| 140|0x0000000088c00000, 0x0000000088c00000, 0x0000000088d00000|  0%| F|  |TAMS 0x0000000088c00000, 0x0000000088c00000| Untracked 
| 141|0x0000000088d00000, 0x0000000088d00000, 0x0000000088e00000|  0%| F|  |TAMS 0x0000000088d00000, 0x0000000088d00000| Untracked 
| 142|0x0000000088e00000, 0x0000000088e00000, 0x0000000088f00000|  0%| F|  |TAMS 0x0000000088e00000, 0x0000000088e00000| Untracked 
| 143|0x0000000088f00000, 0x0000000088f00000, 0x0000000089000000|  0%| F|  |TAMS 0x0000000088f00000, 0x0000000088f00000| Untracked 
| 144|0x0000000089000000, 0x0000000089000000, 0x0000000089100000|  0%| F|  |TAMS 0x0000000089000000, 0x0000000089000000| Untracked 
| 145|0x0000000089100000, 0x0000000089100000, 0x0000000089200000|  0%| F|  |TAMS 0x0000000089100000, 0x0000000089100000| Untracked 
| 146|0x0000000089200000, 0x00000000892bf660, 0x0000000089300000| 74%| E|  |TAMS 0x0000000089200000, 0x0000000089200000| Complete 
| 147|0x0000000089300000, 0x0000000089400000, 0x0000000089400000|100%| E|CS|TAMS 0x0000000089300000, 0x0000000089300000| Complete 
| 148|0x0000000089400000, 0x0000000089500000, 0x0000000089500000|100%| E|CS|TAMS 0x0000000089400000, 0x0000000089400000| Complete 
| 149|0x0000000089500000, 0x0000000089600000, 0x0000000089600000|100%| E|  |TAMS 0x0000000089500000, 0x0000000089500000| Complete 
| 150|0x0000000089600000, 0x0000000089700000, 0x0000000089700000|100%| E|CS|TAMS 0x0000000089600000, 0x0000000089600000| Complete 
| 151|0x0000000089700000, 0x0000000089800000, 0x0000000089800000|100%| E|CS|TAMS 0x0000000089700000, 0x0000000089700000| Complete 
| 152|0x0000000089800000, 0x0000000089900000, 0x0000000089900000|100%| S|CS|TAMS 0x0000000089800000, 0x0000000089800000| Complete 
| 153|0x0000000089900000, 0x0000000089a00000, 0x0000000089a00000|100%| S|CS|TAMS 0x0000000089900000, 0x0000000089900000| Complete 
| 154|0x0000000089a00000, 0x0000000089b00000, 0x0000000089b00000|100%| S|CS|TAMS 0x0000000089a00000, 0x0000000089a00000| Complete 
| 155|0x0000000089b00000, 0x0000000089c00000, 0x0000000089c00000|100%| E|CS|TAMS 0x0000000089b00000, 0x0000000089b00000| Complete 
| 156|0x0000000089c00000, 0x0000000089d00000, 0x0000000089d00000|100%| E|CS|TAMS 0x0000000089c00000, 0x0000000089c00000| Complete 
| 157|0x0000000089d00000, 0x0000000089e00000, 0x0000000089e00000|100%| E|CS|TAMS 0x0000000089d00000, 0x0000000089d00000| Complete 
| 158|0x0000000089e00000, 0x0000000089f00000, 0x0000000089f00000|100%| E|CS|TAMS 0x0000000089e00000, 0x0000000089e00000| Complete 
| 159|0x0000000089f00000, 0x000000008a000000, 0x000000008a000000|100%| E|CS|TAMS 0x0000000089f00000, 0x0000000089f00000| Complete 

Card table byte_map: [0x00000251719a0000,0x0000025171da0000] _byte_map_base: 0x00000251715a0000

Marking Bits (Prev, Next): (CMBitMap*) 0x000002515eaefea0, (CMBitMap*) 0x000002515eaefe68
 Prev Bits: [0x00000251741a0000, 0x00000251761a0000)
 Next Bits: [0x00000251721a0000, 0x00000251741a0000)

Polling page: 0x000002515c8c0000

Metaspace:

Usage:
  Non-class:     99.51 MB capacity,    97.61 MB ( 98%) used,     1.53 MB (  2%) free+waste,   378.56 KB ( <1%) overhead. 
      Class:     15.38 MB capacity,    14.24 MB ( 93%) used,   995.91 KB (  6%) free+waste,   168.50 KB (  1%) overhead. 
       Both:    114.88 MB capacity,   111.85 MB ( 97%) used,     2.50 MB (  2%) free+waste,   547.06 KB ( <1%) overhead. 

Virtual space:
  Non-class space:      100.00 MB reserved,      99.75 MB (>99%) committed 
      Class space:        1.00 GB reserved,      15.45 MB (  2%) committed 
             Both:        1.10 GB reserved,     115.20 MB ( 10%) committed 

Chunk freelists:
   Non-Class:  57.00 KB
       Class:  0 bytes
        Both:  57.00 KB

MaxMetaspaceSize: 17179869184.00 GB
CompressedClassSpaceSize: 1.00 GB

CodeHeap 'non-profiled nmethods': size=120064Kb used=12145Kb max_used=12145Kb free=107918Kb
 bounds [0x000002516a060000, 0x000002516ac40000, 0x00000251715a0000]
CodeHeap 'profiled nmethods': size=120000Kb used=39384Kb max_used=39384Kb free=80615Kb
 bounds [0x0000025162b30000, 0x00000251651c0000, 0x000002516a060000]
CodeHeap 'non-nmethods': size=5696Kb used=2354Kb max_used=2434Kb free=3341Kb
 bounds [0x00000251625a0000, 0x0000025162810000, 0x0000025162b30000]
 total_blobs=18784 nmethods=17813 adapters=880
 compilation: enabled
              stopped_count=0, restarted_count=0
 full_count=0

Compilation events (20 events):
Event: 1704.022 Thread 0x0000025178f2b800 18746 %     3       org.gradle.api.internal.artifacts.ivyservice.resolveengine.artifact.ParallelResolveArtifactSet$VisitingSet$StartVisitAction::visitResults @ 10 (43 bytes)
Event: 1704.022 Thread 0x0000025178f2b800 nmethod 18746% 0x000002516519de10 code [0x000002516519e020, 0x000002516519e638]
Event: 1704.022 Thread 0x0000025178f2b800 18747       3       org.gradle.api.internal.artifacts.ivyservice.resolveengine.artifact.ParallelResolveArtifactSet$VisitingSet$StartVisitAction::visitResults (43 bytes)
Event: 1704.022 Thread 0x0000025178f2b800 nmethod 18747 0x000002516519e810 code [0x000002516519ea20, 0x000002516519efd8]
Event: 1704.024 Thread 0x0000025178f2b800 18748       3       org.gradle.execution.plan.LocalTaskNode::lambda$resolveMutations$1 (44 bytes)
Event: 1704.025 Thread 0x0000025178f2b800 nmethod 18748 0x000002516519f190 code [0x000002516519f460, 0x00000251651a0178]
Event: 1704.025 Thread 0x0000025178f2b800 18749       3       org.gradle.internal.build.event.DefaultBuildEventsListenerRegistry$ForwardingBuildEventConsumer::handle (9 bytes)
Event: 1704.025 Thread 0x0000025178f2b800 nmethod 18749 0x00000251651a0690 code [0x00000251651a0860, 0x00000251651a0a88]
Event: 1704.025 Thread 0x0000025178f2b800 18750       3       org.gradle.internal.build.event.DefaultBuildEventsListenerRegistry$ForwardingBuildEventConsumer::handle (77 bytes)
Event: 1704.026 Thread 0x0000025178f2b800 nmethod 18750 0x00000251651a0b90 code [0x00000251651a0e40, 0x00000251651a1e48]
Event: 1704.032 Thread 0x0000025178f2b800 18751       1       org.gradle.api.internal.artifacts.transform.DefaultTransformer$IsolateTransformerParameters::access$100 (5 bytes)
Event: 1704.033 Thread 0x0000025178f2b800 nmethod 18751 0x000002516ac3c590 code [0x000002516ac3c740, 0x000002516ac3c7d8]
Event: 1704.033 Thread 0x0000025178f2b800 18752       1       org.gradle.api.internal.artifacts.transform.DefaultTransformer$IsolateTransformerParameters::access$200 (5 bytes)
Event: 1704.033 Thread 0x0000025178f2b800 nmethod 18752 0x000002516ac3c890 code [0x000002516ac3ca40, 0x000002516ac3cad8]
Event: 1704.033 Thread 0x0000025178f2b800 18753       1       org.gradle.api.internal.artifacts.transform.DefaultTransformer$IsolateTransformerParameters::access$300 (5 bytes)
Event: 1704.033 Thread 0x0000025178f2b800 nmethod 18753 0x000002516ac3cb90 code [0x000002516ac3cd40, 0x000002516ac3cdd8]
Event: 1704.033 Thread 0x0000025178f2b800 18754       1       org.gradle.api.internal.artifacts.transform.DefaultTransformer$IsolateTransformerParameters::access$400 (5 bytes)
Event: 1704.033 Thread 0x0000025178f2b800 nmethod 18754 0x000002516ac3ce90 code [0x000002516ac3d040, 0x000002516ac3d0d8]
Event: 1704.033 Thread 0x0000025178f2b800 18755       1       org.gradle.api.internal.artifacts.transform.DefaultTransformer$IsolateTransformerParameters::access$500 (5 bytes)
Event: 1704.033 Thread 0x0000025178f2b800 nmethod 18755 0x000002516ac3d190 code [0x000002516ac3d340, 0x000002516ac3d3d8]

GC Heap History (20 events):
Event: 1467.825 GC heap before
{Heap before GC invocations=109 (full 0):
 garbage-first heap   total 163840K, used 113377K [0x0000000080000000, 0x0000000100000000)
  region size 1024K, 26 young (26624K), 2 survivors (2048K)
 Metaspace       used 114157K, capacity 117322K, committed 117452K, reserved 1150976K
  class space    used 14575K, capacity 15738K, committed 15820K, reserved 1048576K
}
Event: 1467.837 GC heap after
{Heap after GC invocations=110 (full 0):
 garbage-first heap   total 163840K, used 100322K [0x0000000080000000, 0x0000000100000000)
  region size 1024K, 4 young (4096K), 4 survivors (4096K)
 Metaspace       used 114157K, capacity 117322K, committed 117452K, reserved 1150976K
  class space    used 14575K, capacity 15738K, committed 15820K, reserved 1048576K
}
Event: 1467.875 GC heap before
{Heap before GC invocations=110 (full 0):
 garbage-first heap   total 163840K, used 118754K [0x0000000080000000, 0x0000000100000000)
  region size 1024K, 8 young (8192K), 4 survivors (4096K)
 Metaspace       used 114165K, capacity 117322K, committed 117452K, reserved 1150976K
  class space    used 14575K, capacity 15738K, committed 15820K, reserved 1048576K
}
Event: 1467.884 GC heap after
{Heap after GC invocations=111 (full 0):
 garbage-first heap   total 163840K, used 97280K [0x0000000080000000, 0x0000000100000000)
  region size 1024K, 1 young (1024K), 1 survivors (1024K)
 Metaspace       used 114165K, capacity 117322K, committed 117452K, reserved 1150976K
  class space    used 14575K, capacity 15738K, committed 15820K, reserved 1048576K
}
Event: 1469.331 GC heap before
{Heap before GC invocations=111 (full 0):
 garbage-first heap   total 163840K, used 116736K [0x0000000080000000, 0x0000000100000000)
  region size 1024K, 21 young (21504K), 1 survivors (1024K)
 Metaspace       used 114205K, capacity 117337K, committed 117452K, reserved 1150976K
  class space    used 14576K, capacity 15740K, committed 15820K, reserved 1048576K
}
Event: 1469.340 GC heap after
{Heap after GC invocations=112 (full 0):
 garbage-first heap   total 163840K, used 100352K [0x0000000080000000, 0x0000000100000000)
  region size 1024K, 3 young (3072K), 3 survivors (3072K)
 Metaspace       used 114205K, capacity 117337K, committed 117452K, reserved 1150976K
  class space    used 14576K, capacity 15740K, committed 15820K, reserved 1048576K
}
Event: 1469.386 GC heap before
{Heap before GC invocations=112 (full 0):
 garbage-first heap   total 163840K, used 119808K [0x0000000080000000, 0x0000000100000000)
  region size 1024K, 23 young (23552K), 3 survivors (3072K)
 Metaspace       used 114210K, capacity 117337K, committed 117452K, reserved 1150976K
  class space    used 14576K, capacity 15740K, committed 15820K, reserved 1048576K
}
Event: 1469.393 GC heap after
{Heap after GC invocations=113 (full 0):
 garbage-first heap   total 163840K, used 102938K [0x0000000080000000, 0x0000000100000000)
  region size 1024K, 3 young (3072K), 3 survivors (3072K)
 Metaspace       used 114210K, capacity 117337K, committed 117452K, reserved 1150976K
  class space    used 14576K, capacity 15740K, committed 15820K, reserved 1048576K
}
Event: 1469.627 GC heap before
{Heap before GC invocations=114 (full 0):
 garbage-first heap   total 163840K, used 122394K [0x0000000080000000, 0x0000000100000000)
  region size 1024K, 23 young (23552K), 3 survivors (3072K)
 Metaspace       used 114252K, capacity 117353K, committed 117452K, reserved 1150976K
  class space    used 14578K, capacity 15742K, committed 15820K, reserved 1048576K
}
Event: 1469.630 GC heap after
{Heap after GC invocations=115 (full 0):
 garbage-first heap   total 163840K, used 102557K [0x0000000080000000, 0x0000000100000000)
  region size 1024K, 1 young (1024K), 1 survivors (1024K)
 Metaspace       used 114252K, capacity 117353K, committed 117452K, reserved 1150976K
  class space    used 14578K, capacity 15742K, committed 15820K, reserved 1048576K
}
Event: 1661.224 GC heap before
{Heap before GC invocations=115 (full 0):
 garbage-first heap   total 163840K, used 116893K [0x0000000080000000, 0x0000000100000000)
  region size 1024K, 8 young (8192K), 1 survivors (1024K)
 Metaspace       used 114263K, capacity 117417K, committed 117708K, reserved 1150976K
  class space    used 14578K, capacity 15742K, committed 15820K, reserved 1048576K
}
Event: 1661.236 GC heap after
{Heap after GC invocations=116 (full 0):
 garbage-first heap   total 163840K, used 97608K [0x0000000080000000, 0x0000000100000000)
  region size 1024K, 1 young (1024K), 1 survivors (1024K)
 Metaspace       used 114263K, capacity 117417K, committed 117708K, reserved 1150976K
  class space    used 14578K, capacity 15742K, committed 15820K, reserved 1048576K
}
Event: 1703.524 GC heap before
{Heap before GC invocations=116 (full 0):
 garbage-first heap   total 163840K, used 122184K [0x0000000080000000, 0x0000000100000000)
  region size 1024K, 26 young (26624K), 1 survivors (1024K)
 Metaspace       used 114378K, capacity 117495K, committed 117708K, reserved 1150976K
  class space    used 14579K, capacity 15743K, committed 15820K, reserved 1048576K
}
Event: 1703.532 GC heap after
{Heap after GC invocations=117 (full 0):
 garbage-first heap   total 163840K, used 100892K [0x0000000080000000, 0x0000000100000000)
  region size 1024K, 4 young (4096K), 4 survivors (4096K)
 Metaspace       used 114378K, capacity 117495K, committed 117708K, reserved 1150976K
  class space    used 14579K, capacity 15743K, committed 15820K, reserved 1048576K
}
Event: 1703.780 GC heap before
{Heap before GC invocations=118 (full 0):
 garbage-first heap   total 163840K, used 120348K [0x0000000080000000, 0x0000000100000000)
  region size 1024K, 29 young (29696K), 4 survivors (4096K)
 Metaspace       used 114431K, capacity 117501K, committed 117708K, reserved 1150976K
  class space    used 14579K, capacity 15744K, committed 15820K, reserved 1048576K
}
Event: 1703.792 GC heap after
{Heap after GC invocations=119 (full 0):
 garbage-first heap   total 163840K, used 105232K [0x0000000080000000, 0x0000000100000000)
  region size 1024K, 4 young (4096K), 4 survivors (4096K)
 Metaspace       used 114431K, capacity 117501K, committed 117708K, reserved 1150976K
  class space    used 14579K, capacity 15744K, committed 15820K, reserved 1048576K
}
Event: 1703.808 GC heap before
{Heap before GC invocations=119 (full 0):
 garbage-first heap   total 163840K, used 109328K [0x0000000080000000, 0x0000000100000000)
  region size 1024K, 8 young (8192K), 4 survivors (4096K)
 Metaspace       used 114432K, capacity 117565K, committed 117708K, reserved 1150976K
  class space    used 14579K, capacity 15744K, committed 15820K, reserved 1048576K
}
Event: 1703.819 GC heap after
{Heap after GC invocations=120 (full 0):
 garbage-first heap   total 163840K, used 99328K [0x0000000080000000, 0x0000000100000000)
  region size 1024K, 1 young (1024K), 1 survivors (1024K)
 Metaspace       used 114432K, capacity 117565K, committed 117708K, reserved 1150976K
  class space    used 14579K, capacity 15744K, committed 15820K, reserved 1048576K
}
Event: 1703.831 GC heap before
{Heap before GC invocations=120 (full 0):
 garbage-first heap   total 163840K, used 102400K [0x0000000080000000, 0x0000000100000000)
  region size 1024K, 5 young (5120K), 1 survivors (1024K)
 Metaspace       used 114437K, capacity 117565K, committed 117708K, reserved 1150976K
  class space    used 14579K, capacity 15744K, committed 15820K, reserved 1048576K
}
Event: 1703.837 GC heap after
{Heap after GC invocations=121 (full 0):
 garbage-first heap   total 163840K, used 103100K [0x0000000080000000, 0x0000000100000000)
  region size 1024K, 3 young (3072K), 3 survivors (3072K)
 Metaspace       used 114437K, capacity 117565K, committed 117708K, reserved 1150976K
  class space    used 14579K, capacity 15744K, committed 15820K, reserved 1048576K
}

Deoptimization events (20 events):
Event: 1703.440 Thread 0x0000025102d13000 DEOPT PACKING pc=0x000002516a2cb024 sp=0x00000099153f81f0
Event: 1703.440 Thread 0x0000025102d13000 DEOPT UNPACKING pc=0x00000251625c78af sp=0x00000099153f81b0 mode 2
Event: 1703.447 Thread 0x0000025102d13000 Uncommon trap: trap_request=0xffffffd6 fr.pc=0x000002516a2cb024 relative=0x0000000000000ec4
Event: 1703.447 Thread 0x0000025102d13000 Uncommon trap: reason=array_check action=maybe_recompile pc=0x000002516a2cb024 method=com.google.common.collect.RegularImmutableMap.fromEntryArray(I[Ljava/util/Map$Entry;)Lcom/google/common/collect/ImmutableMap; @ 157 c2
Event: 1703.447 Thread 0x0000025102d13000 DEOPT PACKING pc=0x000002516a2cb024 sp=0x00000099153f8d50
Event: 1703.447 Thread 0x0000025102d13000 DEOPT UNPACKING pc=0x00000251625c78af sp=0x00000099153f8d10 mode 2
Event: 1703.496 Thread 0x0000025102d13000 DEOPT PACKING pc=0x00000251638ad55a sp=0x00000099153f9a10
Event: 1703.496 Thread 0x0000025102d13000 DEOPT UNPACKING pc=0x00000251625c76ce sp=0x00000099153f8f30 mode 0
Event: 1703.682 Thread 0x000002517908d000 Uncommon trap: trap_request=0xffffff6e fr.pc=0x000002516a9bcdec relative=0x000000000000052c
Event: 1703.682 Thread 0x000002517908d000 Uncommon trap: reason=speculate_class_check action=maybe_recompile pc=0x000002516a9bcdec method=jdk.internal.ref.PhantomCleanable.clean()V @ 12 c2
Event: 1703.682 Thread 0x000002517908d000 DEOPT PACKING pc=0x000002516a9bcdec sp=0x0000009914cff3d0
Event: 1703.682 Thread 0x000002517908d000 DEOPT UNPACKING pc=0x00000251625c78af sp=0x0000009914cff3b0 mode 2
Event: 1703.750 Thread 0x000002517b51f000 DEOPT PACKING pc=0x0000025163d62038 sp=0x00000099170f9d10
Event: 1703.750 Thread 0x000002517b51f000 DEOPT UNPACKING pc=0x00000251625c76ce sp=0x00000099170f93f0 mode 0
Event: 1703.758 Thread 0x000002517b51f000 Uncommon trap: trap_request=0xffffffde fr.pc=0x000002516ab57214 relative=0x0000000000000354
Event: 1703.758 Thread 0x000002517b51f000 Uncommon trap: reason=class_check action=maybe_recompile pc=0x000002516ab57214 method=org.apache.xerces.dom.ElementImpl.getAttributes()Lorg/w3c/dom/NamedNodeMap; @ 8 c2
Event: 1703.758 Thread 0x000002517b51f000 DEOPT PACKING pc=0x000002516ab57214 sp=0x00000099170f9c80
Event: 1703.758 Thread 0x000002517b51f000 DEOPT UNPACKING pc=0x00000251625c78af sp=0x00000099170f9c68 mode 2
Event: 1704.023 Thread 0x0000025102d13000 DEOPT PACKING pc=0x0000025164fa1113 sp=0x00000099153f8a60
Event: 1704.023 Thread 0x0000025102d13000 DEOPT UNPACKING pc=0x00000251625c76ce sp=0x00000099153f7f08 mode 0

Classes redefined (0 events):
No events

Internal exceptions (20 events):
Event: 1398.943 Thread 0x000002517b527000 Exception <a 'sun/nio/fs/WindowsException'{0x0000000089f1a3e0}> (0x0000000089f1a3e0) thrown at [./src/hotspot/share/prims/jni.cpp, line 615]
Event: 1399.010 Thread 0x000002517b527000 Exception <a 'sun/nio/fs/WindowsException'{0x0000000089f4c690}> (0x0000000089f4c690) thrown at [./src/hotspot/share/prims/jni.cpp, line 615]
Event: 1399.033 Thread 0x000002517b008000 Exception <a 'sun/nio/fs/WindowsException'{0x0000000089eb0f90}> (0x0000000089eb0f90) thrown at [./src/hotspot/share/prims/jni.cpp, line 615]
Event: 1399.047 Thread 0x000002517b008000 Exception <a 'sun/nio/fs/WindowsException'{0x0000000089dedfd0}> (0x0000000089dedfd0) thrown at [./src/hotspot/share/prims/jni.cpp, line 615]
Event: 1467.352 Thread 0x0000025100a4d000 Exception <a 'sun/nio/fs/WindowsException'{0x0000000088b06ff8}> (0x0000000088b06ff8) thrown at [./src/hotspot/share/prims/jni.cpp, line 615]
Event: 1467.384 Thread 0x0000025100a4d000 Exception <a 'java/lang/NoClassDefFoundError'{0x0000000089fd87a8}: org/jetbrains/kotlin/gradle/plugin/KotlinBasePluginWrapper> (0x0000000089fd87a8) thrown at [./src/hotspot/share/oops/constantPool.cpp, line 775]
Event: 1467.419 Thread 0x0000025100a4d000 Exception <a 'sun/nio/fs/WindowsException'{0x0000000089c3af80}> (0x0000000089c3af80) thrown at [./src/hotspot/share/prims/jni.cpp, line 615]
Event: 1467.425 Thread 0x0000025100a4d000 Exception <a 'sun/nio/fs/WindowsException'{0x0000000089ce5b58}> (0x0000000089ce5b58) thrown at [./src/hotspot/share/prims/jni.cpp, line 615]
Event: 1467.425 Thread 0x0000025100a4d000 Exception <a 'sun/nio/fs/WindowsException'{0x0000000089ce6c38}> (0x0000000089ce6c38) thrown at [./src/hotspot/share/prims/jni.cpp, line 615]
Event: 1467.425 Thread 0x0000025100a4d000 Exception <a 'sun/nio/fs/WindowsException'{0x0000000089ce7d68}> (0x0000000089ce7d68) thrown at [./src/hotspot/share/prims/jni.cpp, line 615]
Event: 1467.425 Thread 0x0000025100a4d000 Exception <a 'sun/nio/fs/WindowsException'{0x0000000089ce8e98}> (0x0000000089ce8e98) thrown at [./src/hotspot/share/prims/jni.cpp, line 615]
Event: 1469.368 Thread 0x0000025102d0f000 Exception <a 'sun/nio/fs/WindowsException'{0x000000008963a830}> (0x000000008963a830) thrown at [./src/hotspot/share/prims/jni.cpp, line 615]
Event: 1469.368 Thread 0x0000025102d0f000 Exception <a 'sun/nio/fs/WindowsException'{0x000000008963a918}> (0x000000008963a918) thrown at [./src/hotspot/share/prims/jni.cpp, line 615]
Event: 1703.451 Thread 0x0000025102d13000 Exception <a 'sun/nio/fs/WindowsException'{0x0000000088d6f2c8}> (0x0000000088d6f2c8) thrown at [./src/hotspot/share/prims/jni.cpp, line 615]
Event: 1703.473 Thread 0x0000025102d13000 Exception <a 'java/lang/NoClassDefFoundError'{0x0000000088a1f440}: org/jetbrains/kotlin/gradle/plugin/KotlinBasePluginWrapper> (0x0000000088a1f440) thrown at [./src/hotspot/share/oops/constantPool.cpp, line 775]
Event: 1703.488 Thread 0x0000025102d13000 Exception <a 'sun/nio/fs/WindowsException'{0x0000000088929040}> (0x0000000088929040) thrown at [./src/hotspot/share/prims/jni.cpp, line 615]
Event: 1703.493 Thread 0x0000025102d13000 Exception <a 'sun/nio/fs/WindowsException'{0x00000000889d11e0}> (0x00000000889d11e0) thrown at [./src/hotspot/share/prims/jni.cpp, line 615]
Event: 1703.493 Thread 0x0000025102d13000 Exception <a 'sun/nio/fs/WindowsException'{0x00000000889d22c0}> (0x00000000889d22c0) thrown at [./src/hotspot/share/prims/jni.cpp, line 615]
Event: 1703.493 Thread 0x0000025102d13000 Exception <a 'sun/nio/fs/WindowsException'{0x00000000889d33f0}> (0x00000000889d33f0) thrown at [./src/hotspot/share/prims/jni.cpp, line 615]
Event: 1703.493 Thread 0x0000025102d13000 Exception <a 'sun/nio/fs/WindowsException'{0x00000000889d4520}> (0x00000000889d4520) thrown at [./src/hotspot/share/prims/jni.cpp, line 615]

Events (20 events):
Event: 1703.681 Executing VM operation: CGC_Operation done
Event: 1703.715 Executing VM operation: RevokeBias
Event: 1703.716 Executing VM operation: RevokeBias done
Event: 1703.716 Executing VM operation: RevokeBias
Event: 1703.716 Executing VM operation: RevokeBias done
Event: 1703.716 Executing VM operation: RevokeBias
Event: 1703.717 Executing VM operation: RevokeBias done
Event: 1703.748 Executing VM operation: CGC_Operation
Event: 1703.749 Executing VM operation: CGC_Operation done
Event: 1703.780 Executing VM operation: G1CollectForAllocation
Event: 1703.792 Executing VM operation: G1CollectForAllocation done
Event: 1703.808 Executing VM operation: G1CollectForAllocation
Event: 1703.819 Executing VM operation: G1CollectForAllocation done
Event: 1703.831 Executing VM operation: G1CollectForAllocation
Event: 1703.837 Executing VM operation: G1CollectForAllocation done
Event: 1703.857 Thread 0x000002517b524800 Thread added: 0x000002517b524800
Event: 1703.991 Executing VM operation: CGC_Operation
Event: 1704.004 Executing VM operation: CGC_Operation done
Event: 1704.018 Executing VM operation: RevokeBias
Event: 1704.019 Executing VM operation: RevokeBias done


Dynamic libraries:
0x00007ff79e590000 - 0x00007ff79e59a000 	E:\Android\jre\bin\java.exe
0x00007fffd2330000 - 0x00007fffd2525000 	C:\WINDOWS\SYSTEM32\ntdll.dll
0x00007fffd0e90000 - 0x00007fffd0f4d000 	C:\WINDOWS\System32\KERNEL32.DLL
0x00007fffcfa60000 - 0x00007fffcfd29000 	C:\WINDOWS\System32\KERNELBASE.dll
0x00007fffcfea0000 - 0x00007fffcffa0000 	C:\WINDOWS\System32\ucrtbase.dll
0x00007fffc6750000 - 0x00007fffc6767000 	E:\Android\jre\bin\VCRUNTIME140.dll
0x00007fffc6770000 - 0x00007fffc6789000 	E:\Android\jre\bin\jli.dll
0x00007fffd0a20000 - 0x00007fffd0bc0000 	C:\WINDOWS\System32\USER32.dll
0x00007fffcfd30000 - 0x00007fffcfd52000 	C:\WINDOWS\System32\win32u.dll
0x00007fffd0990000 - 0x00007fffd09ba000 	C:\WINDOWS\System32\GDI32.dll
0x00007fffc5d70000 - 0x00007fffc600a000 	C:\WINDOWS\WinSxS\amd64_microsoft.windows.common-controls_6595b64144ccf1df_6.0.19041.1110_none_60b5254171f9507e\COMCTL32.dll
0x00007fffcfd90000 - 0x00007fffcfe9b000 	C:\WINDOWS\System32\gdi32full.dll
0x00007fffd0550000 - 0x00007fffd05ee000 	C:\WINDOWS\System32\msvcrt.dll
0x00007fffd0140000 - 0x00007fffd01dd000 	C:\WINDOWS\System32\msvcp_win.dll
0x00007fffd0cd0000 - 0x00007fffd0d00000 	C:\WINDOWS\System32\IMM32.DLL
0x00007fffaee50000 - 0x00007fffaeeed000 	E:\Android\jre\bin\msvcp140.dll
0x00007fff753d0000 - 0x00007fff75e9f000 	E:\Android\jre\bin\server\jvm.dll
0x00007fffd2240000 - 0x00007fffd22ec000 	C:\WINDOWS\System32\ADVAPI32.dll
0x00007fffd08f0000 - 0x00007fffd098b000 	C:\WINDOWS\System32\sechost.dll
0x00007fffd06f0000 - 0x00007fffd081a000 	C:\WINDOWS\System32\RPCRT4.dll
0x00007fffd0f60000 - 0x00007fffd0f68000 	C:\WINDOWS\System32\PSAPI.DLL
0x00007fffcab70000 - 0x00007fffcab79000 	C:\WINDOWS\SYSTEM32\WSOCK32.dll
0x00007fffc9b50000 - 0x00007fffc9b77000 	C:\WINDOWS\SYSTEM32\WINMM.dll
0x00007fffd1750000 - 0x00007fffd17bb000 	C:\WINDOWS\System32\WS2_32.dll
0x00007fffc9310000 - 0x00007fffc931a000 	C:\WINDOWS\SYSTEM32\VERSION.dll
0x00007fffcd990000 - 0x00007fffcd9a2000 	C:\WINDOWS\SYSTEM32\kernel.appcore.dll
0x00007fffc4d00000 - 0x00007fffc4d11000 	E:\Android\jre\bin\verify.dll
0x00007fffc0790000 - 0x00007fffc0974000 	C:\WINDOWS\SYSTEM32\DBGHELP.DLL
0x00007fffc1450000 - 0x00007fffc147c000 	C:\WINDOWS\SYSTEM32\dbgcore.DLL
0x00007fffd00b0000 - 0x00007fffd0133000 	C:\WINDOWS\System32\bcryptPrimitives.dll
0x00007fffc4cd0000 - 0x00007fffc4cf9000 	E:\Android\jre\bin\java.dll
0x00007fffc4cc0000 - 0x00007fffc4ccb000 	E:\Android\jre\bin\jimage.dll
0x00007fffc3430000 - 0x00007fffc3448000 	E:\Android\jre\bin\zip.dll
0x00007fffd1b00000 - 0x00007fffd223f000 	C:\WINDOWS\System32\SHELL32.dll
0x00007fffcdb90000 - 0x00007fffce320000 	C:\WINDOWS\SYSTEM32\windows.storage.dll
0x00007fffd0f70000 - 0x00007fffd12c5000 	C:\WINDOWS\System32\combase.dll
0x00007fffcf450000 - 0x00007fffcf47c000 	C:\WINDOWS\SYSTEM32\Wldp.dll
0x00007fffd0bc0000 - 0x00007fffd0c6e000 	C:\WINDOWS\System32\SHCORE.dll
0x00007fffd09c0000 - 0x00007fffd0a15000 	C:\WINDOWS\System32\shlwapi.dll
0x00007fffcf9a0000 - 0x00007fffcf9bf000 	C:\WINDOWS\SYSTEM32\profapi.dll
0x00007fffb65a0000 - 0x00007fffb65ba000 	E:\Android\jre\bin\net.dll
0x00007fffc6320000 - 0x00007fffc6428000 	C:\WINDOWS\SYSTEM32\WINHTTP.dll
0x00007fffcf150000 - 0x00007fffcf1ba000 	C:\WINDOWS\system32\mswsock.dll
0x00007fffb6580000 - 0x00007fffb6594000 	E:\Android\jre\bin\nio.dll
0x00007fffc6570000 - 0x00007fffc6597000 	C:\Users\Usuario\.gradle\native\8bec1ad78214c89d9ad589b4d07fe93259594b29d510b10fafb7a158f7737e5d\windows-amd64\native-platform.dll
0x00007fff75020000 - 0x00007fff7515d000 	C:\Users\Usuario\.gradle\native\53dbd7edfb1c66fb8903c78663c9afc45aea4f116125fa6feffd364cf09443e8\windows-amd64\native-platform-file-events.dll
0x00007fffb66a0000 - 0x00007fffb66aa000 	E:\Android\jre\bin\management.dll
0x00007fffb6570000 - 0x00007fffb657c000 	E:\Android\jre\bin\management_ext.dll
0x00007fffcf350000 - 0x00007fffcf368000 	C:\WINDOWS\SYSTEM32\CRYPTSP.dll
0x00007fffcead0000 - 0x00007fffceb04000 	C:\WINDOWS\system32\rsaenh.dll
0x00007fffcfd60000 - 0x00007fffcfd87000 	C:\WINDOWS\System32\bcrypt.dll
0x00007fffcf920000 - 0x00007fffcf94e000 	C:\WINDOWS\SYSTEM32\USERENV.dll
0x00007fffcf340000 - 0x00007fffcf34c000 	C:\WINDOWS\SYSTEM32\CRYPTBASE.dll
0x00007fffcee40000 - 0x00007fffcee7b000 	C:\WINDOWS\SYSTEM32\IPHLPAPI.DLL
0x00007fffd17c0000 - 0x00007fffd17c8000 	C:\WINDOWS\System32\NSI.dll
0x00007fffc9b30000 - 0x00007fffc9b47000 	C:\WINDOWS\SYSTEM32\dhcpcsvc6.DLL
0x00007fffc9210000 - 0x00007fffc922d000 	C:\WINDOWS\SYSTEM32\dhcpcsvc.DLL
0x00007fffcee80000 - 0x00007fffcef4c000 	C:\WINDOWS\SYSTEM32\DNSAPI.dll
0x00007fffadd80000 - 0x00007fffadda7000 	E:\Android\jre\bin\sunec.dll

dbghelp: loaded successfully - version: 4.0.5 - missing functions: none
symbol engine: initialized successfully - sym options: 0x614 - pdb path: .;E:\Android\jre\bin;C:\WINDOWS\SYSTEM32;C:\WINDOWS\WinSxS\amd64_microsoft.windows.common-controls_6595b64144ccf1df_6.0.19041.1110_none_60b5254171f9507e;E:\Android\jre\bin\server;C:\Users\Usuario\.gradle\native\8bec1ad78214c89d9ad589b4d07fe93259594b29d510b10fafb7a158f7737e5d\windows-amd64;C:\Users\Usuario\.gradle\native\53dbd7edfb1c66fb8903c78663c9afc45aea4f116125fa6feffd364cf09443e8\windows-amd64

VM Arguments:
jvm_args: --add-opens=java.base/java.util=ALL-UNNAMED --add-opens=java.base/java.lang=ALL-UNNAMED --add-opens=java.base/java.lang.invoke=ALL-UNNAMED --add-opens=java.base/java.util=ALL-UNNAMED --add-opens=java.prefs/java.util.prefs=ALL-UNNAMED --add-opens=java.prefs/java.util.prefs=ALL-UNNAMED --add-opens=java.base/java.nio.charset=ALL-UNNAMED --add-opens=java.base/java.net=ALL-UNNAMED --add-opens=java.base/java.util.concurrent.atomic=ALL-UNNAMED -Xmx2048m -Dfile.encoding=UTF-8 -Duser.country=BO -Duser.language=es -Duser.variant 
java_command: org.gradle.launcher.daemon.bootstrap.GradleDaemon 7.0.2
java_class_path (initial): C:\Users\Usuario\.gradle\wrapper\dists\gradle-7.0.2-bin\857tjihv64xamwrf0h14cai3r\gradle-7.0.2\lib\gradle-launcher-7.0.2.jar
Launcher Type: SUN_STANDARD

[Global flags]
     intx CICompilerCount                          = 3                                         {product} {ergonomic}
     uint ConcGCThreads                            = 1                                         {product} {ergonomic}
     uint G1ConcRefinementThreads                  = 4                                         {product} {ergonomic}
   size_t G1HeapRegionSize                         = 1048576                                   {product} {ergonomic}
    uintx GCDrainStackTargetSize                   = 64                                        {product} {ergonomic}
   size_t InitialHeapSize                          = 134217728                                 {product} {ergonomic}
   size_t MarkStackSize                            = 4194304                                   {product} {ergonomic}
   size_t MaxHeapSize                              = 2147483648                                {product} {command line}
   size_t MaxNewSize                               = 1287651328                                {product} {ergonomic}
   size_t MinHeapDeltaBytes                        = 1048576                                   {product} {ergonomic}
    uintx NonNMethodCodeHeapSize                   = 5830732                                {pd product} {ergonomic}
    uintx NonProfiledCodeHeapSize                  = 122913754                              {pd product} {ergonomic}
    uintx ProfiledCodeHeapSize                     = 122913754                              {pd product} {ergonomic}
    uintx ReservedCodeCacheSize                    = 251658240                              {pd product} {ergonomic}
     bool SegmentedCodeCache                       = true                                      {product} {ergonomic}
     bool UseCompressedClassPointers               = true                                 {lp64_product} {ergonomic}
     bool UseCompressedOops                        = true                                 {lp64_product} {ergonomic}
     bool UseG1GC                                  = true                                      {product} {ergonomic}
     bool UseLargePagesIndividualAllocation        = false                                  {pd product} {ergonomic}

Logging:
Log output configuration:
 #0: stdout all=warning uptime,level,tags
 #1: stderr all=off uptime,level,tags

Environment Variables:
JAVA_HOME=C:\Program Files\Java\jdk-13.0.2
PATH=C:\Program Files (x86)\Embarcadero\Studio\20.0\bin;C:\Users\Public\Documents\Embarcadero\Studio\20.0\Bpl;C:\Program Files (x86)\Embarcadero\Studio\20.0\bin64;C:\Users\Public\Documents\Embarcadero\Studio\20.0\Bpl\Win64;C:\Program Files (x86)\Common Files\Oracle\Java\javapath;C:\Program Files (x86)\CollabNet;C:\Program Files (x86)\Embarcadero\Studio\15.0\bin;C:\Users\Public\Documents\Embarcadero\Studio\15.0\Bpl;C:\Program Files (x86)\Embarcadero\Studio\15.0\bin64;C:\Users\Public\Documents\Embarcadero\Studio\15.0\Bpl\Win64;C:\ProgramData\Oracle\Java\javapath;C:\Windows\system32;C:\Windows;C:\Windows\System32\Wbem;C:\Windows\System32\WindowsPowerShell\v1.0\;C:\Program Files (x86)\NVIDIA Corporation\PhysX\Common;C:\WINDOWS\system32;C:\WINDOWS;C:\WINDOWS\System32\Wbem;C:\WINDOWS\System32\WindowsPowerShell\v1.0\;C:\WINDOWS\System32\OpenSSH\;C:\Program Files\Java\jdk1.8.0_161\bin;C:\Program Files\Azure Data Studio\bin;C:\Program Files\Microsoft SQL Server\Client SDK\ODBC\170\Tools\Binn\;C:\Program Files (x86)\Microsoft SQL Server\150\Tools\Binn\;C:\Program Files\Microsoft SQL Server\150\Tools\Binn\;C:\Program Files\Microsoft SQL Server\150\DTS\Binn\;C:\Program Files (x86)\Microsoft SQL Server\150\DTS\Binn\;E:\XAMPP\php;C:\ProgramData\ComposerSetup\bin;C:\Program Files\Git\cmd;C:\Program Files\Java\jdk-13.0.2\bin;C:\apache-maven-3.8.2\bin;C:\Users\Usuario\AppData\Local\Programs\Python\Python38\Scripts\;C:\Users\Usuario\AppData\Local\Programs\Python\Python38\;C:\Users\Usuario\AppData\Local\Microsoft\WindowsApps;C:\Users\Usuario\AppData\Local\Programs\Microsoft VS Code\bin;C:\Program Files\Java\jdk-9.0.4\bin;;C:\Program Files\Azure Data Studio\bin;C:\Users\Usuario\AppData\Roaming\Composer\vendor\bin
USERNAME=Roberto
OS=Windows_NT
PROCESSOR_IDENTIFIER=Intel64 Family 6 Model 94 Stepping 3, GenuineIntel



---------------  S Y S T E M  ---------------

OS: Windows 10 , 64 bit Build 19041 (10.0.19041.1151)
OS uptime: 0 days 13:19 hours

CPU:total 4 (initial active 4) (4 cores per cpu, 1 threads per core) family 6 model 94 stepping 3 microcode 0xd6, cmov, cx8, fxsr, mmx, sse, sse2, sse3, ssse3, sse4.1, sse4.2, popcnt, avx, avx2, aes, clmul, erms, 3dnowpref, lzcnt, tsc, tscinvbit, bmi1, bmi2, adx, fma

Memory: 4k page, system-wide physical 8112M (1868M free)
TotalPageFile size 20484M (AvailPageFile size 5M)
current process WorkingSet (physical memory assigned to process): 427M, peak: 436M
current process commit charge ("private bytes"): 496M, peak: 512M

vm_info: OpenJDK 64-Bit Server VM (11.0.10+0-b96-7249189) for windows-amd64 JRE (11.0.10+0-b96-7249189), built on Mar 31 2021 21:44:00 by "builder" with MS VC++ 14.0 (VS2015)

END.
